# JRE version: Java(TM) SE Runtime Environment (8.0_152-b16) (build 1.8.0_152-b16)
# Java VM: Java HotSpot(TM) 64-Bit Server VM (25.152-b16 mixed mode windows-amd64 compressed oops)
Heap:
 PSYoungGen      total 563712K, used 422805K [0x00000000d5580000, 0x00000000fab80000, 0x0000000100000000)
  eden space 523264K, 79% used [0x00000000d5580000,0x00000000eeb38b70,0x00000000f5480000)
  from space 40448K, 18% used [0x00000000f8400000,0x00000000f8b2ca08,0x00000000fab80000)
  to   space 44544K, 0% used [0x00000000f5480000,0x00000000f5480000,0x00000000f8000000)
 ParOldGen       total 196608K, used 81527K [0x0000000080000000, 0x000000008c000000, 0x00000000d5580000)
  object space 196608K, 41% used [0x0000000080000000,0x0000000084f9df80,0x000000008c000000)
 Metaspace       used 108837K, capacity 114372K, committed 114688K, reserved 1148928K
  class space    used 13812K, capacity 14746K, committed 14848K, reserved 1048576K
GC Heap History (10 events):
Event: 1049.878 GC heap before
{Heap before GC invocations=36 (full 4):
 PSYoungGen      total 499712K, used 466198K [0x00000000d5580000, 0x00000000f6e00000, 0x0000000100000000)
  eden space 450048K, 100% used [0x00000000d5580000,0x00000000f0d00000,0x00000000f0d00000)
  from space 49664K, 32% used [0x00000000f0d00000,0x00000000f1cc5810,0x00000000f3d80000)
  to   space 46080K, 0% used [0x00000000f4100000,0x00000000f4100000,0x00000000f6e00000)
 ParOldGen       total 196608K, used 67797K [0x0000000080000000, 0x000000008c000000, 0x00000000d5580000)
  object space 196608K, 34% used [0x0000000080000000,0x00000000842355e0,0x000000008c000000)
 Metaspace       used 108531K, capacity 114036K, committed 114048K, reserved 1148928K
  class space    used 13785K, capacity 14710K, committed 14720K, reserved 1048576K
Event: 1049.904 GC heap after
Heap after GC invocations=36 (full 4):
 PSYoungGen      total 496128K, used 8411K [0x00000000d5580000, 0x00000000f6e00000, 0x0000000100000000)
  eden space 450048K, 0% used [0x00000000d5580000,0x00000000d5580000,0x00000000f0d00000)
  from space 46080K, 18% used [0x00000000f4100000,0x00000000f4936cb8,0x00000000f6e00000)
  to   space 49664K, 0% used [0x00000000f0d00000,0x00000000f0d00000,0x00000000f3d80000)
 ParOldGen       total 196608K, used 67853K [0x0000000080000000, 0x000000008c000000, 0x00000000d5580000)
  object space 196608K, 34% used [0x0000000080000000,0x00000000842435e0,0x000000008c000000)
 Metaspace       used 108531K, capacity 114036K, committed 114048K, reserved 1148928K
  class space    used 13785K, capacity 14710K, committed 14720K, reserved 1048576K
}
Event: 1052.545 GC heap before
{Heap before GC invocations=37 (full 4):
 PSYoungGen      total 496128K, used 458459K [0x00000000d5580000, 0x00000000f6e00000, 0x0000000100000000)
  eden space 450048K, 100% used [0x00000000d5580000,0x00000000f0d00000,0x00000000f0d00000)
  from space 46080K, 18% used [0x00000000f4100000,0x00000000f4936cb8,0x00000000f6e00000)
  to   space 49664K, 0% used [0x00000000f0d00000,0x00000000f0d00000,0x00000000f3d80000)
 ParOldGen       total 196608K, used 67853K [0x0000000080000000, 0x000000008c000000, 0x00000000d5580000)
  object space 196608K, 34% used [0x0000000080000000,0x00000000842435e0,0x000000008c000000)
 Metaspace       used 108561K, capacity 114104K, committed 114304K, reserved 1148928K
  class space    used 13786K, capacity 14710K, committed 14720K, reserved 1048576K
Event: 1052.557 GC heap after
Heap after GC invocations=37 (full 4):
 PSYoungGen      total 499712K, used 9950K [0x00000000d5580000, 0x00000000fb180000, 0x0000000100000000)
  eden space 450048K, 0% used [0x00000000d5580000,0x00000000d5580000,0x00000000f0d00000)
  from space 49664K, 20% used [0x00000000f0d00000,0x00000000f16b7bb8,0x00000000f3d80000)
  to   space 46592K, 0% used [0x00000000f8400000,0x00000000f8400000,0x00000000fb180000)
 ParOldGen       total 196608K, used 68093K [0x0000000080000000, 0x000000008c000000, 0x00000000d5580000)
  object space 196608K, 34% used [0x0000000080000000,0x000000008427f5e0,0x000000008c000000)
 Metaspace       used 108561K, capacity 114104K, committed 114304K, reserved 1148928K
  class space    used 13786K, capacity 14710K, committed 14720K, reserved 1048576K
}
Event: 1054.361 GC heap before
{Heap before GC invocations=38 (full 4):
 PSYoungGen      total 499712K, used 459998K [0x00000000d5580000, 0x00000000fb180000, 0x0000000100000000)
  eden space 450048K, 100% used [0x00000000d5580000,0x00000000f0d00000,0x00000000f0d00000)
  from space 49664K, 20% used [0x00000000f0d00000,0x00000000f16b7bb8,0x00000000f3d80000)
  to   space 46592K, 0% used [0x00000000f8400000,0x00000000f8400000,0x00000000fb180000)
 ParOldGen       total 196608K, used 68093K [0x0000000080000000, 0x000000008c000000, 0x00000000d5580000)
  object space 196608K, 34% used [0x0000000080000000,0x000000008427f5e0,0x000000008c000000)
 Metaspace       used 108627K, capacity 114202K, committed 114304K, reserved 1148928K
  class space    used 13789K, capacity 14713K, committed 14720K, reserved 1048576K
Event: 1054.394 GC heap after
Heap after GC invocations=38 (full 4):
 PSYoungGen      total 563712K, used 14751K [0x00000000d5580000, 0x00000000fab80000, 0x0000000100000000)
  eden space 523264K, 0% used [0x00000000d5580000,0x00000000d5580000,0x00000000f5480000)
  from space 40448K, 36% used [0x00000000f8400000,0x00000000f9267ec0,0x00000000fab80000)
  to   space 44544K, 0% used [0x00000000f5480000,0x00000000f5480000,0x00000000f8000000)
 ParOldGen       total 196608K, used 69355K [0x0000000080000000, 0x000000008c000000, 0x00000000d5580000)
  object space 196608K, 35% used [0x0000000080000000,0x00000000843bad88,0x000000008c000000)
 Metaspace       used 108627K, capacity 114202K, committed 114304K, reserved 1148928K
  class space    used 13789K, capacity 14713K, committed 14720K, reserved 1048576K
}
Event: 1056.390 GC heap before
{Heap before GC invocations=39 (full 4):
 PSYoungGen      total 563712K, used 538015K [0x00000000d5580000, 0x00000000fab80000, 0x0000000100000000)
  eden space 523264K, 100% used [0x00000000d5580000,0x00000000f5480000,0x00000000f5480000)
  from space 40448K, 36% used [0x00000000f8400000,0x00000000f9267ec0,0x00000000fab80000)
  to   space 44544K, 0% used [0x00000000f5480000,0x00000000f5480000,0x00000000f8000000)
 ParOldGen       total 196608K, used 69355K [0x0000000080000000, 0x000000008c000000, 0x00000000d5580000)
  object space 196608K, 35% used [0x0000000080000000,0x00000000843bad88,0x000000008c000000)
 Metaspace       used 108667K, capacity 114202K, committed 114304K, reserved 1148928K
  class space    used 13789K, capacity 14713K, committed 14720K, reserved 1048576K
Event: 1056.458 GC heap after
Heap after GC invocations=39 (full 4):
 PSYoungGen      total 567808K, used 14822K [0x00000000d5580000, 0x00000000fab80000, 0x0000000100000000)
  eden space 523264K, 0% used [0x00000000d5580000,0x00000000d5580000,0x00000000f5480000)
  from space 44544K, 33% used [0x00000000f5480000,0x00000000f62f99e8,0x00000000f8000000)
  to   space 40448K, 0% used [0x00000000f8400000,0x00000000f8400000,0x00000000fab80000)
 ParOldGen       total 196608K, used 71140K [0x0000000080000000, 0x000000008c000000, 0x00000000d5580000)
  object space 196608K, 36% used [0x0000000080000000,0x00000000845791b0,0x000000008c000000)
 Metaspace       used 108667K, capacity 114202K, committed 114304K, reserved 1148928K
  class space    used 13789K, capacity 14713K, committed 14720K, reserved 1048576K
}
Event: 1058.618 GC heap before
{Heap before GC invocations=40 (full 4):
 PSYoungGen      total 567808K, used 538086K [0x00000000d5580000, 0x00000000fab80000, 0x0000000100000000)
  eden space 523264K, 100% used [0x00000000d5580000,0x00000000f5480000,0x00000000f5480000)
  from space 44544K, 33% used [0x00000000f5480000,0x00000000f62f99e8,0x00000000f8000000)
  to   space 40448K, 0% used [0x00000000f8400000,0x00000000f8400000,0x00000000fab80000)
 ParOldGen       total 196608K, used 71140K [0x0000000080000000, 0x000000008c000000, 0x00000000d5580000)
  object space 196608K, 36% used [0x0000000080000000,0x00000000845791b0,0x000000008c000000)
 Metaspace       used 108778K, capacity 114364K, committed 114688K, reserved 1148928K
  class space    used 13811K, capacity 14746K, committed 14848K, reserved 1048576K
Event: 1058.662 GC heap after
Heap after GC invocations=40 (full 4):
 PSYoungGen      total 563712K, used 7346K [0x00000000d5580000, 0x00000000fab80000, 0x0000000100000000)
  eden space 523264K, 0% used [0x00000000d5580000,0x00000000d5580000,0x00000000f5480000)
  from space 40448K, 18% used [0x00000000f8400000,0x00000000f8b2ca08,0x00000000fab80000)
  to   space 44544K, 0% used [0x00000000f5480000,0x00000000f5480000,0x00000000f8000000)
 ParOldGen       total 196608K, used 81527K [0x0000000080000000, 0x000000008c000000, 0x00000000d5580000)
  object space 196608K, 41% used [0x0000000080000000,0x0000000084f9df80,0x000000008c000000)
 Metaspace       used 108778K, capacity 114364K, committed 114688K, reserved 1148928K
  class space    used 13811K, capacity 14746K, committed 14848K, reserved 1048576K
}

